2025-04-09 16:01:44.329829 - Received CBT.V508.FILE1023.PDS from FILE1023.XMI 
2025-04-09 16:01:44.345517 - Found $$$#DATE.txt (text/plain) in CBT.V508.FILE1023.PDS, moved to PDS/$$$#DATE
2025-04-09 16:01:44.346125 - Found $$COPYRT.txt (text/plain) in CBT.V508.FILE1023.PDS, moved to PDS/$$COPYRT
2025-04-09 16:01:44.346691 - Found $$NOTE01.txt (text/plain) in CBT.V508.FILE1023.PDS, moved to PDS/$$NOTE01
2025-04-09 16:01:44.347222 - Found $$NOTE02.txt (text/plain) in CBT.V508.FILE1023.PDS, moved to PDS/$$NOTE02
2025-04-09 16:01:44.347771 - Found $$README.txt (text/plain) in CBT.V508.FILE1023.PDS, moved to PDS/$$README
2025-04-09 16:01:44.348293 - Found $EXPAND.txt (text/plain) in CBT.V508.FILE1023.PDS, moved to PDS/$EXPAND
2025-04-09 16:01:44.348818 - Found @FIL1023.txt (text/plain) in CBT.V508.FILE1023.PDS, moved to PDS/@FIL1023
2025-04-09 16:01:44.354332 - Found FINALPKG.jcl (text/plain) in CBT.V508.FILE1023.PDS, moved to PDS/FINALPKG
2025-04-09 16:01:44.354902 - Found PACKAGE.jcl (text/plain) in CBT.V508.FILE1023.PDS, moved to PDS/PACKAGE
2025-04-09 16:01:44.355457 - Found TEST$EXP.jcl (text/plain) in CBT.V508.FILE1023.PDS, moved to PDS/TEST$EXP
2025-04-09 16:01:44.356152 - Found XMIDOC.xmi (application/xmit) in CBT.V508.FILE1023.PDS, moved to PDS/XMIDOC.xmi
2025-04-09 16:01:44.593738 - Received SFRH66.PUBLIC.REXXXREF.DOC from XMIDOC.xmi 
2025-04-09 16:01:44.595753 - Found $$FIXES.txt (text/plain) in SFRH66.PUBLIC.REXXXREF.DOC, moved to XMIDOC/$$FIXES
2025-04-09 16:01:44.596351 - Found $$README.txt (text/plain) in SFRH66.PUBLIC.REXXXREF.DOC, moved to XMIDOC/$$README
2025-04-09 16:01:44.597043 - Found $$XMIT.txt (text/plain) in SFRH66.PUBLIC.REXXXREF.DOC, moved to XMIDOC/$$XMIT
2025-04-09 16:01:44.597663 - Found $JCLLIB.txt (text/plain) in SFRH66.PUBLIC.REXXXREF.DOC, moved to XMIDOC/$JCLLIB
2025-04-09 16:01:44.598246 - Found $REXXLIB.rexx (text/plain) in SFRH66.PUBLIC.REXXXREF.DOC, moved to XMIDOC/$REXXLIB
2025-04-09 16:01:44.598803 - Found $SAMPIDX.txt (text/plain) in SFRH66.PUBLIC.REXXXREF.DOC, moved to XMIDOC/$SAMPIDX
2025-04-09 16:01:44.599341 - Found $SAMP01.txt (text/plain) in SFRH66.PUBLIC.REXXXREF.DOC, moved to XMIDOC/$SAMP01
2025-04-09 16:01:44.599860 - Found $SAMP02.txt (text/plain) in SFRH66.PUBLIC.REXXXREF.DOC, moved to XMIDOC/$SAMP02
2025-04-09 16:01:44.600402 - Found $SAMP03.txt (text/plain) in SFRH66.PUBLIC.REXXXREF.DOC, moved to XMIDOC/$SAMP03
2025-04-09 16:01:44.601001 - Found $SAMP04.txt (text/plain) in SFRH66.PUBLIC.REXXXREF.DOC, moved to XMIDOC/$SAMP04
2025-04-09 16:01:44.601624 - Found $SAMP05.txt (text/plain) in SFRH66.PUBLIC.REXXXREF.DOC, moved to XMIDOC/$SAMP05
2025-04-09 16:01:44.602194 - Found $TECHIDX.txt (text/plain) in SFRH66.PUBLIC.REXXXREF.DOC, moved to XMIDOC/$TECHIDX
2025-04-09 16:01:44.603004 - Found $TECH01.txt (text/plain) in SFRH66.PUBLIC.REXXXREF.DOC, moved to XMIDOC/$TECH01
2025-04-09 16:01:44.603681 - Found $TECH02.txt (text/plain) in SFRH66.PUBLIC.REXXXREF.DOC, moved to XMIDOC/$TECH02
2025-04-09 16:01:44.604217 - Found $TECH03.txt (text/plain) in SFRH66.PUBLIC.REXXXREF.DOC, moved to XMIDOC/$TECH03
2025-04-09 16:01:44.604772 - Found $TECH04.txt (text/plain) in SFRH66.PUBLIC.REXXXREF.DOC, moved to XMIDOC/$TECH04
2025-04-09 16:01:44.605353 - Found $TECH05.txt (text/plain) in SFRH66.PUBLIC.REXXXREF.DOC, moved to XMIDOC/$TECH05
2025-04-09 16:01:44.605934 - Found $TECH06.txt (text/plain) in SFRH66.PUBLIC.REXXXREF.DOC, moved to XMIDOC/$TECH06
2025-04-09 16:01:44.606512 - Found $XREFIDX.txt (text/plain) in SFRH66.PUBLIC.REXXXREF.DOC, moved to XMIDOC/$XREFIDX
2025-04-09 16:01:44.607054 - Found $XREF01.txt (text/plain) in SFRH66.PUBLIC.REXXXREF.DOC, moved to XMIDOC/$XREF01
2025-04-09 16:01:44.608317 - Found XMIJCL.xmi (application/xmit) in CBT.V508.FILE1023.PDS, moved to PDS/XMIJCL.xmi
2025-04-09 16:01:44.672182 - Received SFRH66.PUBLIC.REXXXREF.JCL from XMIJCL.xmi 
2025-04-09 16:01:44.673366 - Found $NEWS.txt (text/plain) in SFRH66.PUBLIC.REXXXREF.JCL, moved to XMIJCL/$NEWS
2025-04-09 16:01:44.674076 - Found $README.txt (text/plain) in SFRH66.PUBLIC.REXXXREF.JCL, moved to XMIJCL/$README
2025-04-09 16:01:44.674714 - Found REXXXREF.txt (text/plain) in SFRH66.PUBLIC.REXXXREF.JCL, moved to XMIJCL/REXXXREF
2025-04-09 16:01:44.675315 - Found SAMPLE.jcl (text/plain) in SFRH66.PUBLIC.REXXXREF.JCL, moved to XMIJCL/SAMPLE
2025-04-09 16:01:44.676476 - Found XMIREXX.xmi (application/xmit) in CBT.V508.FILE1023.PDS, moved to PDS/XMIREXX.xmi
2025-04-09 16:01:44.885768 - Received SFRH66.PUBLIC.REXXXREF.REXX from XMIREXX.xmi 
2025-04-09 16:01:44.886964 - Found $README.txt (text/plain) in SFRH66.PUBLIC.REXXXREF.REXX, moved to XMIREXX/$README
2025-04-09 16:01:44.887625 - Found PRETRACE.rexx (text/plain) in SFRH66.PUBLIC.REXXXREF.REXX, moved to XMIREXX/PRETRACE
2025-04-09 16:01:44.888206 - Found PSTTRACE.rexx (text/plain) in SFRH66.PUBLIC.REXXXREF.REXX, moved to XMIREXX/PSTTRACE
2025-04-09 16:01:44.888880 - Found REX$XREF.txt (text/plain) in SFRH66.PUBLIC.REXXXREF.REXX, moved to XMIREXX/REX$XREF
2025-04-09 16:01:44.889616 - Found REX$XRE1.txt (text/plain) in SFRH66.PUBLIC.REXXXREF.REXX, moved to XMIREXX/REX$XRE1
2025-04-09 16:01:44.892443 - Found XMISCAN.xmi (application/xmit) in CBT.V508.FILE1023.PDS, moved to PDS/XMISCAN.xmi
2025-04-09 16:01:46.203159 - Received SFRH66.PUBLIC.REXXXREF.SAMPLE.SCAN from XMISCAN.xmi 
2025-04-09 16:01:46.204993 - Found $$OGINIT.rexx (text/plain) in SFRH66.PUBLIC.REXXXREF.SAMPLE.SCAN, moved to XMISCAN/$$OGINIT
2025-04-09 16:01:46.205675 - Found $SYNTAX.rexx (text/plain) in SFRH66.PUBLIC.REXXXREF.SAMPLE.SCAN, moved to XMISCAN/$SYNTAX
2025-04-09 16:01:46.206250 - Found ATEST.rexx (text/plain) in SFRH66.PUBLIC.REXXXREF.SAMPLE.SCAN, moved to XMISCAN/ATEST
2025-04-09 16:01:46.206996 - Found CHKAPF00.rexx (text/plain) in SFRH66.PUBLIC.REXXXREF.SAMPLE.SCAN, moved to XMISCAN/CHKAPF00
2025-04-09 16:01:46.207639 - Found CMDTBLUP.rexx (text/plain) in SFRH66.PUBLIC.REXXXREF.SAMPLE.SCAN, moved to XMISCAN/CMDTBLUP
2025-04-09 16:01:46.208257 - Found DB2$L508.rexx (text/plain) in SFRH66.PUBLIC.REXXXREF.SAMPLE.SCAN, moved to XMISCAN/DB2$L508
2025-04-09 16:01:46.208921 - Found DB2SKEL.rexx (text/plain) in SFRH66.PUBLIC.REXXXREF.SAMPLE.SCAN, moved to XMISCAN/DB2SKEL
2025-04-09 16:01:46.209550 - Found EDF.rexx (text/plain) in SFRH66.PUBLIC.REXXXREF.SAMPLE.SCAN, moved to XMISCAN/EDF
2025-04-09 16:01:46.210100 - Found FIXOWNER.rexx (text/plain) in SFRH66.PUBLIC.REXXXREF.SAMPLE.SCAN, moved to XMISCAN/FIXOWNER
2025-04-09 16:01:46.210659 - Found FULLSHUT.rexx (text/plain) in SFRH66.PUBLIC.REXXXREF.SAMPLE.SCAN, moved to XMISCAN/FULLSHUT
2025-04-09 16:01:46.211237 - Found GENREVKE.rexx (text/plain) in SFRH66.PUBLIC.REXXXREF.SAMPLE.SCAN, moved to XMISCAN/GENREVKE
2025-04-09 16:01:46.211749 - Found IDMDPRT2.rexx (text/plain) in SFRH66.PUBLIC.REXXXREF.SAMPLE.SCAN, moved to XMISCAN/IDMDPRT2
2025-04-09 16:01:46.212326 - Found IEFBR14Y.rexx (text/plain) in SFRH66.PUBLIC.REXXXREF.SAMPLE.SCAN, moved to XMISCAN/IEFBR14Y
2025-04-09 16:01:46.212898 - Found MEMLIST.rexx (text/plain) in SFRH66.PUBLIC.REXXXREF.SAMPLE.SCAN, moved to XMISCAN/MEMLIST
2025-04-09 16:01:46.213489 - Found NONSENSE.rexx (text/plain) in SFRH66.PUBLIC.REXXXREF.SAMPLE.SCAN, moved to XMISCAN/NONSENSE
2025-04-09 16:01:46.214135 - Found PARTSHUT.rexx (text/plain) in SFRH66.PUBLIC.REXXXREF.SAMPLE.SCAN, moved to XMISCAN/PARTSHUT
2025-04-09 16:01:46.214726 - Found PRETRACE.rexx (text/plain) in SFRH66.PUBLIC.REXXXREF.SAMPLE.SCAN, moved to XMISCAN/PRETRACE
2025-04-09 16:01:46.215333 - Found PSTTRACE.rexx (text/plain) in SFRH66.PUBLIC.REXXXREF.SAMPLE.SCAN, moved to XMISCAN/PSTTRACE
2025-04-09 16:01:46.215969 - Found QWCMDS.rexx (text/plain) in SFRH66.PUBLIC.REXXXREF.SAMPLE.SCAN, moved to XMISCAN/QWCMDS
2025-04-09 16:01:46.216886 - Found RACFDB2.rexx (text/plain) in SFRH66.PUBLIC.REXXXREF.SAMPLE.SCAN, moved to XMISCAN/RACFDB2
2025-04-09 16:01:46.217725 - Found RACFDB2T.rexx (text/plain) in SFRH66.PUBLIC.REXXXREF.SAMPLE.SCAN, moved to XMISCAN/RACFDB2T
2025-04-09 16:01:46.218422 - Found RACLOGIC.rexx (text/plain) in SFRH66.PUBLIC.REXXXREF.SAMPLE.SCAN, moved to XMISCAN/RACLOGIC
2025-04-09 16:01:46.219061 - Found REX$NEW.rexx (text/plain) in SFRH66.PUBLIC.REXXXREF.SAMPLE.SCAN, moved to XMISCAN/REX$NEW
2025-04-09 16:01:46.219773 - Found REX$XREF.rexx (text/plain) in SFRH66.PUBLIC.REXXXREF.SAMPLE.SCAN, moved to XMISCAN/REX$XREF
2025-04-09 16:01:46.220423 - Found REX$XRE2.rexx (text/plain) in SFRH66.PUBLIC.REXXXREF.SAMPLE.SCAN, moved to XMISCAN/REX$XRE2
2025-04-09 16:01:46.221091 - Found SCNDOC1#.rexx (text/plain) in SFRH66.PUBLIC.REXXXREF.SAMPLE.SCAN, moved to XMISCAN/SCNDOC1#
2025-04-09 16:01:46.221687 - Found SCNDOC15.rexx (text/plain) in SFRH66.PUBLIC.REXXXREF.SAMPLE.SCAN, moved to XMISCAN/SCNDOC15
2025-04-09 16:01:46.222257 - Found SHUTTCAS.rexx (text/plain) in SFRH66.PUBLIC.REXXXREF.SAMPLE.SCAN, moved to XMISCAN/SHUTTCAS
2025-04-09 16:01:46.222899 - Found STAT2.rexx (text/plain) in SFRH66.PUBLIC.REXXXREF.SAMPLE.SCAN, moved to XMISCAN/STAT2
2025-04-09 16:01:46.223478 - Found STOPSHUT.rexx (text/plain) in SFRH66.PUBLIC.REXXXREF.SAMPLE.SCAN, moved to XMISCAN/STOPSHUT
2025-04-09 16:01:46.224024 - Found STRANGE.rexx (text/plain) in SFRH66.PUBLIC.REXXXREF.SAMPLE.SCAN, moved to XMISCAN/STRANGE
2025-04-09 16:01:46.224533 - Found TRACES.rexx (text/plain) in SFRH66.PUBLIC.REXXXREF.SAMPLE.SCAN, moved to XMISCAN/TRACES
2025-04-09 16:01:46.225150 - Found ZEQAJCL.rexx (text/plain) in SFRH66.PUBLIC.REXXXREF.SAMPLE.SCAN, moved to XMISCAN/ZEQAJCL
2025-04-09 16:01:46.229109 - Found XMIXREF.xmi (application/xmit) in CBT.V508.FILE1023.PDS, moved to PDS/XMIXREF.xmi
2025-04-09 16:01:47.861563 - Received SFRH66.PUBLIC.REXXXREF.SAMPLE.XREF from XMIXREF.xmi 
2025-04-09 16:01:47.863491 - Found $$OGINIT.txt (text/plain) in SFRH66.PUBLIC.REXXXREF.SAMPLE.XREF, moved to XMIXREF/$$OGINIT
2025-04-09 16:01:47.864106 - Found $SYNTAX.txt (text/plain) in SFRH66.PUBLIC.REXXXREF.SAMPLE.XREF, moved to XMIXREF/$SYNTAX
2025-04-09 16:01:47.864789 - Found ATEST.txt (text/plain) in SFRH66.PUBLIC.REXXXREF.SAMPLE.XREF, moved to XMIXREF/ATEST
2025-04-09 16:01:47.865591 - Found CHKAPF00.txt (text/plain) in SFRH66.PUBLIC.REXXXREF.SAMPLE.XREF, moved to XMIXREF/CHKAPF00
2025-04-09 16:01:47.866258 - Found CMDTBLUP.txt (text/plain) in SFRH66.PUBLIC.REXXXREF.SAMPLE.XREF, moved to XMIXREF/CMDTBLUP
2025-04-09 16:01:47.866983 - Found DB2$L508.txt (text/plain) in SFRH66.PUBLIC.REXXXREF.SAMPLE.XREF, moved to XMIXREF/DB2$L508
2025-04-09 16:01:47.867714 - Found DB2SKEL.txt (text/plain) in SFRH66.PUBLIC.REXXXREF.SAMPLE.XREF, moved to XMIXREF/DB2SKEL
2025-04-09 16:01:47.868355 - Found EDF.txt (text/plain) in SFRH66.PUBLIC.REXXXREF.SAMPLE.XREF, moved to XMIXREF/EDF
2025-04-09 16:01:47.868938 - Found FIXOWNER.txt (text/plain) in SFRH66.PUBLIC.REXXXREF.SAMPLE.XREF, moved to XMIXREF/FIXOWNER
2025-04-09 16:01:47.869573 - Found FULLSHUT.txt (text/plain) in SFRH66.PUBLIC.REXXXREF.SAMPLE.XREF, moved to XMIXREF/FULLSHUT
2025-04-09 16:01:47.870245 - Found GENREVKE.txt (text/plain) in SFRH66.PUBLIC.REXXXREF.SAMPLE.XREF, moved to XMIXREF/GENREVKE
2025-04-09 16:01:47.870832 - Found IDMDPRT2.txt (text/plain) in SFRH66.PUBLIC.REXXXREF.SAMPLE.XREF, moved to XMIXREF/IDMDPRT2
2025-04-09 16:01:47.871388 - Found IEFBR14Y.txt (text/plain) in SFRH66.PUBLIC.REXXXREF.SAMPLE.XREF, moved to XMIXREF/IEFBR14Y
2025-04-09 16:01:47.872280 - Found MEMLIST.txt (text/plain) in SFRH66.PUBLIC.REXXXREF.SAMPLE.XREF, moved to XMIXREF/MEMLIST
2025-04-09 16:01:47.872904 - Found NONSENSE.txt (text/plain) in SFRH66.PUBLIC.REXXXREF.SAMPLE.XREF, moved to XMIXREF/NONSENSE
2025-04-09 16:01:47.873593 - Found PARTSHUT.txt (text/plain) in SFRH66.PUBLIC.REXXXREF.SAMPLE.XREF, moved to XMIXREF/PARTSHUT
2025-04-09 16:01:47.874227 - Found PRETRACE.txt (text/plain) in SFRH66.PUBLIC.REXXXREF.SAMPLE.XREF, moved to XMIXREF/PRETRACE
2025-04-09 16:01:47.874874 - Found PSTTRACE.txt (text/plain) in SFRH66.PUBLIC.REXXXREF.SAMPLE.XREF, moved to XMIXREF/PSTTRACE
2025-04-09 16:01:47.875477 - Found QWCMDS.txt (text/plain) in SFRH66.PUBLIC.REXXXREF.SAMPLE.XREF, moved to XMIXREF/QWCMDS
2025-04-09 16:01:47.876089 - Found RACFDB2.txt (text/plain) in SFRH66.PUBLIC.REXXXREF.SAMPLE.XREF, moved to XMIXREF/RACFDB2
2025-04-09 16:01:47.877179 - Found RACFDB2T.txt (text/plain) in SFRH66.PUBLIC.REXXXREF.SAMPLE.XREF, moved to XMIXREF/RACFDB2T
2025-04-09 16:01:47.877872 - Found RACLOGIC.txt (text/plain) in SFRH66.PUBLIC.REXXXREF.SAMPLE.XREF, moved to XMIXREF/RACLOGIC
2025-04-09 16:01:47.878593 - Found REX$XREF.txt (text/plain) in SFRH66.PUBLIC.REXXXREF.SAMPLE.XREF, moved to XMIXREF/REX$XREF
2025-04-09 16:01:47.879424 - Found REX$XRE2.txt (text/plain) in SFRH66.PUBLIC.REXXXREF.SAMPLE.XREF, moved to XMIXREF/REX$XRE2
2025-04-09 16:01:47.880046 - Found SCNDOC15.txt (text/plain) in SFRH66.PUBLIC.REXXXREF.SAMPLE.XREF, moved to XMIXREF/SCNDOC15
2025-04-09 16:01:47.880599 - Found SHUTTCAS.txt (text/plain) in SFRH66.PUBLIC.REXXXREF.SAMPLE.XREF, moved to XMIXREF/SHUTTCAS
2025-04-09 16:01:47.881319 - Found STAT2.txt (text/plain) in SFRH66.PUBLIC.REXXXREF.SAMPLE.XREF, moved to XMIXREF/STAT2
2025-04-09 16:01:47.881924 - Found STOPSHUT.txt (text/plain) in SFRH66.PUBLIC.REXXXREF.SAMPLE.XREF, moved to XMIXREF/STOPSHUT
2025-04-09 16:01:47.882545 - Found STRANGE.txt (text/plain) in SFRH66.PUBLIC.REXXXREF.SAMPLE.XREF, moved to XMIXREF/STRANGE
2025-04-09 16:01:47.883193 - Found ZEQAJCL.txt (text/plain) in SFRH66.PUBLIC.REXXXREF.SAMPLE.XREF, moved to XMIXREF/ZEQAJCL
